1710010553855:get students
1710010576571:add student qwe tyu 15
1710010583183:get students
1710010743926:add student qwe rty 12
1710010784863:get students
1710010821462:add student qwe rty 12
1710010855828:get students
1710011025393:add student qwe rety 12
1710011030754:get students
1710011111293:add student qwe rwer 23
1710011116311:get students
1710011125064:ad
1710011133084:add student 12 werw 12
1710014052880:add student qwe rty 14
1710014084376:get students
1710014104835:add student asdf zcv 18
1710014109202:get students
1710014182093:delete student a22ecd5d-2a7c-486f-823c-d8d9c0b27e53
1710014189292:get students
1710014197911:delete student 344
1710014506972:delete student 1233
1710014542734:get user
1710014547348:get users
1710014553622:get students
1710014892583:add qwe rty 15
1710014898757:add asd fgh 76
1710014902061:get
1710014953134:delete all
1710015070187:add qwe rtt 13
1710015076451:add frf wfew 45
1710015091283:get
1710015097325:delete all
1710015173946:add qwq qwq 12
1710015177420:add wefw fefw34
1710015180952:delete all
1710015183581:get
1710141480134:add qwer tyu 17
1710141644290:add qwer tyy 15
1710141774103:add wedew wfwe 19
1710141801870:get
1710141811115:delete 9738b6e6-2323-46c3-b645-c9ea6c9cbd04
1710142311568:get
1710143429311:add wqwe sdsdf 18
1710143460208:delete c196155c-7767-415f-a9aa-ae573c451ae4
1710143657365:delete b848a7ef-dc7a-4b3e-9de4-7ad68e271309
1710143844450:add pavel xmara 24
1710143847640:get
1710143866217:deltec838475c4-7f25-4f60-bc94-114b272337ff
1710143873223:delete 838475c4-7f25-4f60-bc94-114b272337ff
1710143883094:get
1710143886705:delete all
1710143910700:get
1710144059164:delete all
1710144122866:add wqdq qcqw 214
1710144132215:delete 3e5594ae-95e6-4494-bf12-bc1d77b43d8e
1710144441270:get
